0 info it worked if it ends with ok
1 verbose cli [ '/Users/lichen/.nvm/versions/node/v6.11.0/bin/node',
1 verbose cli   '/Users/lichen/.nvm/versions/node/v6.11.0/bin/npm',
1 verbose cli   'publish' ]
2 info using npm@3.10.10
3 info using node@v6.11.0
4 verbose publish [ '.' ]
5 silly cache add args [ '.', null ]
6 verbose cache add spec .
7 silly cache add parsed spec Result {
7 silly cache add   raw: '.',
7 silly cache add   scope: null,
7 silly cache add   escapedName: null,
7 silly cache add   name: null,
7 silly cache add   rawSpec: '.',
7 silly cache add   spec: '/Users/lichen/.nvm/versions/node/v6.11.0/lib/node_modules/fiiish-cli',
7 silly cache add   type: 'directory' }
8 verbose addLocalDirectory /Users/lichen/.npm/fiiish-cli/1.0.0/package.tgz not in flight; packing
9 verbose correctMkdir /Users/lichen/.npm correctMkdir not in flight; initializing
10 info lifecycle fiiish-cli@1.0.0~prepublish: fiiish-cli@1.0.0
11 silly lifecycle fiiish-cli@1.0.0~prepublish: no script for prepublish, continuing
12 verbose tar pack [ '/Users/lichen/.npm/fiiish-cli/1.0.0/package.tgz',
12 verbose tar pack   '/Users/lichen/.nvm/versions/node/v6.11.0/lib/node_modules/fiiish-cli' ]
13 verbose tarball /Users/lichen/.npm/fiiish-cli/1.0.0/package.tgz
14 verbose folder /Users/lichen/.nvm/versions/node/v6.11.0/lib/node_modules/fiiish-cli
15 verbose addLocalTarball adding from inside cache /Users/lichen/.npm/fiiish-cli/1.0.0/package.tgz
16 verbose correctMkdir /Users/lichen/.npm correctMkdir not in flight; initializing
17 silly cache afterAdd fiiish-cli@1.0.0
18 verbose afterAdd /Users/lichen/.npm/fiiish-cli/1.0.0/package/package.json not in flight; writing
19 verbose correctMkdir /Users/lichen/.npm correctMkdir not in flight; initializing
20 verbose afterAdd /Users/lichen/.npm/fiiish-cli/1.0.0/package/package.json written
21 silly publish { name: 'fiiish-cli',
21 silly publish   version: '1.0.0',
21 silly publish   description: '大鱼前端cli工具',
21 silly publish   main: 'index.js',
21 silly publish   scripts: { test: 'echo "Error: no test specified" && exit 1' },
21 silly publish   bin: { ficli: './bin/fi.js' },
21 silly publish   keywords: [ 'fiiish', 'cli', 'vue', 'spa' ],
21 silly publish   author: { name: 'lichen@fishtirp.cn' },
21 silly publish   license: 'ISC',
21 silly publish   dependencies: { commander: '^2.11.0' },
21 silly publish   readme: 'ERROR: No README data found!',
21 silly publish   _id: 'fiiish-cli@1.0.0',
21 silly publish   _shasum: 'f07214b739f5edfdcd92497138ec94cf9ca0a094',
21 silly publish   _from: '.' }
22 verbose getPublishConfig undefined
23 silly mapToRegistry name fiiish-cli
24 silly mapToRegistry using default registry
25 silly mapToRegistry registry https://registry.npm.taobao.org/
26 silly mapToRegistry data Result {
26 silly mapToRegistry   raw: 'fiiish-cli',
26 silly mapToRegistry   scope: null,
26 silly mapToRegistry   escapedName: 'fiiish-cli',
26 silly mapToRegistry   name: 'fiiish-cli',
26 silly mapToRegistry   rawSpec: '',
26 silly mapToRegistry   spec: 'latest',
26 silly mapToRegistry   type: 'tag' }
27 silly mapToRegistry uri https://registry.npm.taobao.org/fiiish-cli
28 verbose publish registryBase https://registry.npm.taobao.org/
29 silly publish uploading /Users/lichen/.npm/fiiish-cli/1.0.0/package.tgz
30 verbose request uri https://registry.npm.taobao.org/fiiish-cli
31 verbose request sending authorization for write operation
32 info attempt registry request try #1 at 5:16:36 PM
33 verbose request id 44251972836b740c
34 http request PUT https://registry.npm.taobao.org/fiiish-cli
35 http 403 https://registry.npm.taobao.org/fiiish-cli
36 verbose headers { date: 'Thu, 20 Jul 2017 09:16:36 GMT',
36 verbose headers   'content-type': 'application/json; charset=utf-8',
36 verbose headers   'content-length': '87',
36 verbose headers   connection: 'keep-alive',
36 verbose headers   'x-current-requests': '1',
36 verbose headers   'x-readtime': '11' }
37 verbose request invalidating /Users/lichen/.npm/registry.npm.taobao.org/fiiish-cli on PUT
38 error publish Failed PUT 403
39 verbose stack Error: no_perms Private mode enable, only admin can publish this module: fiiish-cli
39 verbose stack     at makeError (/Users/lichen/.nvm/versions/node/v6.11.0/lib/node_modules/npm/node_modules/npm-registry-client/lib/request.js:302:12)
39 verbose stack     at CachingRegistryClient.<anonymous> (/Users/lichen/.nvm/versions/node/v6.11.0/lib/node_modules/npm/node_modules/npm-registry-client/lib/request.js:290:14)
39 verbose stack     at Request._callback (/Users/lichen/.nvm/versions/node/v6.11.0/lib/node_modules/npm/node_modules/npm-registry-client/lib/request.js:210:14)
39 verbose stack     at Request.self.callback (/Users/lichen/.nvm/versions/node/v6.11.0/lib/node_modules/npm/node_modules/request/request.js:187:22)
39 verbose stack     at emitTwo (events.js:106:13)
39 verbose stack     at Request.emit (events.js:191:7)
39 verbose stack     at Request.<anonymous> (/Users/lichen/.nvm/versions/node/v6.11.0/lib/node_modules/npm/node_modules/request/request.js:1048:10)
39 verbose stack     at emitOne (events.js:96:13)
39 verbose stack     at Request.emit (events.js:188:7)
39 verbose stack     at IncomingMessage.<anonymous> (/Users/lichen/.nvm/versions/node/v6.11.0/lib/node_modules/npm/node_modules/request/request.js:969:12)
40 verbose statusCode 403
41 verbose pkgid fiiish-cli
42 verbose cwd /Users/lichen/.nvm/versions/node/v6.11.0/lib/node_modules/fiiish-cli
43 error Darwin 16.5.0
44 error argv "/Users/lichen/.nvm/versions/node/v6.11.0/bin/node" "/Users/lichen/.nvm/versions/node/v6.11.0/bin/npm" "publish"
45 error node v6.11.0
46 error npm  v3.10.10
47 error code E403
48 error no_perms Private mode enable, only admin can publish this module: fiiish-cli
49 error If you need help, you may report this error at:
49 error     <https://github.com/npm/npm/issues>
50 verbose exit [ 1, true ]
